<?xml version="1.0" encoding="UTF-8"?>
<!-- Generated by org.testng.reporters.JUnitXMLReporter -->
<testsuite hostname="LAPTOP-CE5NOSOD" ignored="0" name="employee logintest" tests="1" failures="1" timestamp="29 Jun 2022 16:41:10 GMT" time="0.007" errors="0">
  <testcase name="checkemployeelogintest" time="0.0" classname="OrangeHRM.TestCases.EmployeeloginTest">
    <failure type="org.testng.TestNGException" message="
Cannot inject @Test annotated Method [checkemployeelogintest] with [class java.lang.String, class java.lang.String].
For more information on native dependency injection please refer to http://testng.org/doc/documentation-main.html#native-dependency-injection">
      <![CDATA[org.testng.TestNGException: 
Cannot inject @Test annotated Method [checkemployeelogintest] with [class java.lang.String, class java.lang.String].
For more information on native dependency injection please refer to http://testng.org/doc/documentation-main.html#native-dependency-injection
... Removed 24 stack frames]]>
    </failure>
  </testcase> <!-- checkemployeelogintest -->
</testsuite> <!-- employee logintest -->
